[debug] [2024-07-23T05:38:48.913Z] ----------------------------------------------------------------------
[debug] [2024-07-23T05:38:48.916Z] Command:       C:\Program Files\nodejs\node.exe C:\Users\Hariharan V\AppData\Roaming\npm\node_modules\firebase-tools\lib\bin\firebase.js init
[debug] [2024-07-23T05:38:48.917Z] CLI Version:   13.13.3
[debug] [2024-07-23T05:38:48.917Z] Platform:      win32
[debug] [2024-07-23T05:38:48.917Z] Node Version:  v18.16.1
[debug] [2024-07-23T05:38:48.918Z] Time:          Tue Jul 23 2024 11:08:48 GMT+0530 (India Standard Time)
[debug] [2024-07-23T05:38:48.918Z] ----------------------------------------------------------------------
[debug] 
[debug] [2024-07-23T05:38:49.000Z] > command requires scopes: ["email","openid","https://www.googleapis.com/auth/cloudplatformprojects.readonly","https://www.googleapis.com/auth/firebase","https://www.googleapis.com/auth/cloud-platform"]
[debug] [2024-07-23T05:38:49.000Z] > authorizing via signed-in user (hariharanvenkatachalam11@gmail.com)
[info] 
     ######## #### ########  ######## ########     ###     ######  ########
     ##        ##  ##     ## ##       ##     ##  ##   ##  ##       ##
     ######    ##  ########  ######   ########  #########  ######  ######
     ##        ##  ##    ##  ##       ##     ## ##     ##       ## ##
     ##       #### ##     ## ######## ########  ##     ##  ######  ########

You're about to initialize a Firebase project in this directory:

  D:\REACT-PROJECT\netflix-clone

Before we get started, keep in mind:

  * You are initializing within an existing Firebase project directory

